This is pdfTeX, Version 3.14159265-2.6-1.40.20 (TeX Live 2019/Debian) (preloaded format=pdflatex 2022.1.29)  13 FEB 2022 22:08
entering extended mode
 restricted \write18 enabled.
 %&-line parsing enabled.
**report_5.tex
(./report_5.tex
LaTeX2e <2020-02-02> patch level 2
L3 programming layer <2020-02-14>
(/usr/share/texlive/texmf-dist/tex/latex/base/article.cls
Document Class: article 2019/12/20 v1.4l Standard LaTeX document class
(/usr/share/texlive/texmf-dist/tex/latex/base/size12.clo
File: size12.clo 2019/12/20 v1.4l Standard LaTeX file (size option)
)
\c@part=\count167
\c@section=\count168
\c@subsection=\count169
\c@subsubsection=\count170
\c@paragraph=\count171
\c@subparagraph=\count172
\c@figure=\count173
\c@table=\count174
\abovecaptionskip=\skip47
\belowcaptionskip=\skip48
\bibindent=\dimen134
)
(/usr/share/texlive/texmf-dist/tex/latex/graphics/graphicx.sty
Package: graphicx 2019/11/30 v1.2a Enhanced LaTeX Graphics (DPC,SPQR)

(/usr/share/texlive/texmf-dist/tex/latex/graphics/keyval.sty
Package: keyval 2014/10/28 v1.15 key=value parser (DPC)
\KV@toks@=\toks14
)
(/usr/share/texlive/texmf-dist/tex/latex/graphics/graphics.sty
Package: graphics 2019/11/30 v1.4a Standard LaTeX Graphics (DPC,SPQR)

(/usr/share/texlive/texmf-dist/tex/latex/graphics/trig.sty
Package: trig 2016/01/03 v1.10 sin cos tan (DPC)
)
(/usr/share/texlive/texmf-dist/tex/latex/graphics-cfg/graphics.cfg
File: graphics.cfg 2016/06/04 v1.11 sample graphics configuration
)
Package graphics Info: Driver file: pdftex.def on input line 105.

(/usr/share/texlive/texmf-dist/tex/latex/graphics-def/pdftex.def
File: pdftex.def 2018/01/08 v1.0l Graphics/color driver for pdftex
))
\Gin@req@height=\dimen135
\Gin@req@width=\dimen136
)
(/usr/share/texlive/texmf-dist/tex/latex/epstopdf-pkg/epstopdf.sty
Package: epstopdf 2020-01-24 v2.11 Conversion with epstopdf on the fly (HO)

(/usr/share/texlive/texmf-dist/tex/generic/infwarerr/infwarerr.sty
Package: infwarerr 2019/12/03 v1.5 Providing info/warning/error messages (HO)
)
(/usr/share/texlive/texmf-dist/tex/latex/grfext/grfext.sty
Package: grfext 2019/12/03 v1.3 Manage graphics extensions (HO)

(/usr/share/texlive/texmf-dist/tex/generic/kvdefinekeys/kvdefinekeys.sty
Package: kvdefinekeys 2019-12-19 v1.6 Define keys (HO)
))
(/usr/share/texlive/texmf-dist/tex/latex/kvoptions/kvoptions.sty
Package: kvoptions 2019/11/29 v3.13 Key value format for package options (HO)

(/usr/share/texlive/texmf-dist/tex/generic/ltxcmds/ltxcmds.sty
Package: ltxcmds 2019/12/15 v1.24 LaTeX kernel commands for general use (HO)
)
(/usr/share/texlive/texmf-dist/tex/generic/kvsetkeys/kvsetkeys.sty
Package: kvsetkeys 2019/12/15 v1.18 Key value parser (HO)
))
(/usr/share/texlive/texmf-dist/tex/latex/pdftexcmds/pdftexcmds.sty
Package: pdftexcmds 2019/11/24 v0.31 Utility functions of pdfTeX for LuaTeX (HO
)

(/usr/share/texlive/texmf-dist/tex/generic/iftex/iftex.sty
Package: iftex 2019/11/07 v1.0c TeX engine tests
)
Package pdftexcmds Info: \pdf@primitive is available.
Package pdftexcmds Info: \pdf@ifprimitive is available.
Package pdftexcmds Info: \pdfdraftmode found.
)
(/usr/share/texlive/texmf-dist/tex/latex/epstopdf-pkg/epstopdf-base.sty
Package: epstopdf-base 2020-01-24 v2.11 Base part for package epstopdf
Package epstopdf-base Info: Redefining graphics rule for `.eps' on input line 4
85.
Package grfext Info: Graphics extension search list:
(grfext)             [.pdf,.png,.jpg,.mps,.jpeg,.jbig2,.jb2,.PDF,.PNG,.JPG,.JPE
G,.JBIG2,.JB2,.eps]
(grfext)             \AppendGraphicsExtensions on input line 504.

(/usr/share/texlive/texmf-dist/tex/latex/latexconfig/epstopdf-sys.cfg
File: epstopdf-sys.cfg 2010/07/13 v1.3 Configuration of (r)epstopdf for TeX Liv
e
)))
(/usr/share/texlive/texmf-dist/tex/latex/l3backend/l3backend-pdfmode.def
File: l3backend-pdfmode.def 2020-02-03 L3 backend support: PDF mode
\l__kernel_color_stack_int=\count175
\l__pdf_internal_box=\box45
)
(./report_5.aux)
\openout1 = `report_5.aux'.

LaTeX Font Info:    Checking defaults for OML/cmm/m/it on input line 13.
LaTeX Font Info:    ... okay on input line 13.
LaTeX Font Info:    Checking defaults for OMS/cmsy/m/n on input line 13.
LaTeX Font Info:    ... okay on input line 13.
LaTeX Font Info:    Checking defaults for OT1/cmr/m/n on input line 13.
LaTeX Font Info:    ... okay on input line 13.
LaTeX Font Info:    Checking defaults for T1/cmr/m/n on input line 13.
LaTeX Font Info:    ... okay on input line 13.
LaTeX Font Info:    Checking defaults for TS1/cmr/m/n on input line 13.
LaTeX Font Info:    ... okay on input line 13.
LaTeX Font Info:    Checking defaults for OMX/cmex/m/n on input line 13.
LaTeX Font Info:    ... okay on input line 13.
LaTeX Font Info:    Checking defaults for U/cmr/m/n on input line 13.
LaTeX Font Info:    ... okay on input line 13.

(/usr/share/texlive/texmf-dist/tex/context/base/mkii/supp-pdf.mkii
[Loading MPS to PDF converter (version 2006.09.02).]
\scratchcounter=\count176
\scratchdimen=\dimen137
\scratchbox=\box46
\nofMPsegments=\count177
\nofMParguments=\count178
\everyMPshowfont=\toks15
\MPscratchCnt=\count179
\MPscratchDim=\dimen138
\MPnumerator=\count180
\makeMPintoPDFobject=\count181
\everyMPtoPDFconversion=\toks16
)
LaTeX Font Info:    External font `cmex10' loaded for size
(Font)              <14.4> on input line 16.
LaTeX Font Info:    External font `cmex10' loaded for size
(Font)              <7> on input line 16.

Underfull \hbox (badness 10000) in paragraph at lines 22--26

 []


! LaTeX Error: There's no line here to end.

See the LaTeX manual or LaTeX Companion for explanation.
Type  H <return>  for immediate help.
 ...                                              
                                                  
l.36 \begin
           {figure}[h!]
? 
<photo_diode_amp.png, id=1, 740.7675pt x 660.4675pt>
File: photo_diode_amp.png Graphic file (type png)
<use photo_diode_amp.png>
Package pdftex.def Info: photo_diode_amp.png  used on input line 38.
(pdftex.def)             Requested size: 222.23196pt x 198.14177pt.

LaTeX Warning: `!h' float specifier changed to `!ht'.

[1

{/var/lib/texmf/fonts/map/pdftex/updmap/pdftex.map}]
<circuit2.jpg, id=11, 355.82938pt x 181.17688pt>
File: circuit2.jpg Graphic file (type jpg)
<use circuit2.jpg>
Package pdftex.def Info: circuit2.jpg  used on input line 44.
(pdftex.def)             Requested size: 355.82849pt x 181.17642pt.
 [2 <./photo_diode_amp.png> <./circuit2.jpg>]
Underfull \hbox (badness 10000) in paragraph at lines 50--104

 []

[3] [4]
Underfull \hbox (badness 10000) in paragraph at lines 105--141

 []

[5]
Underfull \hbox (badness 10000) in paragraph at lines 142--159

 []

[6]
Underfull \hbox (badness 10000) in paragraph at lines 160--196

 []

[7]
Underfull \hbox (badness 10000) in paragraph at lines 197--223

 []

[8]
Underfull \hbox (badness 10000) in paragraph at lines 224--260

 []

[9]
Underfull \hbox (badness 10000) in paragraph at lines 261--288

 []

[10]
<q1_a.png, id=41, 1879.02pt x 1058.95625pt>
File: q1_a.png Graphic file (type png)
<use q1_a.png>
Package pdftex.def Info: q1_a.png  used on input line 293.
(pdftex.def)             Requested size: 375.79735pt x 211.78749pt.
 [11 <./q1_a.png>]
<q1_b.png, id=46, 1879.02pt x 1058.95625pt>
File: q1_b.png Graphic file (type png)
<use q1_b.png>
Package pdftex.def Info: q1_b.png  used on input line 298.
(pdftex.def)             Requested size: 375.79735pt x 211.78749pt.

Underfull \hbox (badness 10000) in paragraph at lines 300--302

 []

[12 <./q1_b.png>]
<q2_a.png, id=51, 1879.02pt x 1058.95625pt>
File: q2_a.png Graphic file (type png)
<use q2_a.png>
Package pdftex.def Info: q2_a.png  used on input line 307.
(pdftex.def)             Requested size: 375.79735pt x 211.78749pt.

Underfull \hbox (badness 10000) in paragraph at lines 304--309

 []

[13 <./q2_a.png>]
<q2_c.png, id=57, 1879.02pt x 1058.95625pt>
File: q2_c.png Graphic file (type png)
<use q2_c.png>
Package pdftex.def Info: q2_c.png  used on input line 312.
(pdftex.def)             Requested size: 375.79735pt x 211.78749pt.


! LaTeX Error: There's no line here to end.

See the LaTeX manual or LaTeX Companion for explanation.
Type  H <return>  for immediate help.
 ...                                              
                                                  
l.314 \newpage
              
? 
[14 <./q2_c.png>]
<q2_c_vi1-vi2.png, id=62, 1879.02pt x 1058.95625pt>
File: q2_c_vi1-vi2.png Graphic file (type png)
<use q2_c_vi1-vi2.png>
Package pdftex.def Info: q2_c_vi1-vi2.png  used on input line 318.
(pdftex.def)             Requested size: 375.79735pt x 211.78749pt.


! LaTeX Error: There's no line here to end.

See the LaTeX manual or LaTeX Companion for explanation.
Type  H <return>  for immediate help.
 ...                                              
                                                  
l.320 \newpage
              
? 
[15 <./q2_c_vi1-vi2.png>]
<q2_c_vout.png, id=67, 1879.02pt x 1058.95625pt>
File: q2_c_vout.png Graphic file (type png)
<use q2_c_vout.png>
Package pdftex.def Info: q2_c_vout.png  used on input line 323.
(pdftex.def)             Requested size: 375.79735pt x 211.78749pt.


! LaTeX Error: There's no line here to end.

See the LaTeX manual or LaTeX Companion for explanation.
Type  H <return>  for immediate help.
 ...                                              
                                                  
l.325 \newpage
              
? 
[16 <./q2_c_vout.png>]
LaTeX Font Info:    External font `cmex10' loaded for size
(Font)              <12> on input line 327.
LaTeX Font Info:    External font `cmex10' loaded for size
(Font)              <8> on input line 327.
LaTeX Font Info:    External font `cmex10' loaded for size
(Font)              <6> on input line 327.
 [17] (./report_5.aux) ) 
Here is how much of TeX's memory you used:
 1695 strings out of 483183
 25980 string characters out of 5966292
 254674 words of memory out of 5000000
 16706 multiletter control sequences out of 15000+600000
 537506 words of font info for 41 fonts, out of 8000000 for 9000
 14 hyphenation exceptions out of 8191
 30i,7n,27p,213b,218s stack positions out of 5000i,500n,10000p,200000b,80000s
</usr/share/texlive/texmf-dist/fonts/type1/public/amsfo
nts/cm/cmbx12.pfb></usr/share/texlive/texmf-dist/fonts/type1/public/amsfonts/cm
/cmmi12.pfb></usr/share/texlive/texmf-dist/fonts/type1/public/amsfonts/cm/cmr12
.pfb></usr/share/texlive/texmf-dist/fonts/type1/public/amsfonts/cm/cmr17.pfb></
usr/share/texlive/texmf-dist/fonts/type1/public/amsfonts/cm/cmsy10.pfb>
Output written on report_5.pdf (17 pages, 337673 bytes).
PDF statistics:
 95 PDF objects out of 1000 (max. 8388607)
 55 compressed objects within 1 object stream
 0 named destinations out of 1000 (max. 500000)
 41 words of extra memory for PDF output out of 10000 (max. 10000000)

