This is pdfTeX, Version 3.14159265-2.6-1.40.20 (TeX Live 2019/Debian) (preloaded format=pdflatex 2022.1.29)  29 JAN 2022 18:59
entering extended mode
 restricted \write18 enabled.
 %&-line parsing enabled.
**report_3.tex
(./report_3.tex
LaTeX2e <2020-02-02> patch level 2
L3 programming layer <2020-02-14>
(/usr/share/texlive/texmf-dist/tex/latex/base/article.cls
Document Class: article 2019/12/20 v1.4l Standard LaTeX document class
(/usr/share/texlive/texmf-dist/tex/latex/base/size12.clo
File: size12.clo 2019/12/20 v1.4l Standard LaTeX file (size option)
)
\c@part=\count167
\c@section=\count168
\c@subsection=\count169
\c@subsubsection=\count170
\c@paragraph=\count171
\c@subparagraph=\count172
\c@figure=\count173
\c@table=\count174
\abovecaptionskip=\skip47
\belowcaptionskip=\skip48
\bibindent=\dimen134
)
(/usr/share/texlive/texmf-dist/tex/latex/graphics/graphicx.sty
Package: graphicx 2019/11/30 v1.2a Enhanced LaTeX Graphics (DPC,SPQR)

(/usr/share/texlive/texmf-dist/tex/latex/graphics/keyval.sty
Package: keyval 2014/10/28 v1.15 key=value parser (DPC)
\KV@toks@=\toks14
)
(/usr/share/texlive/texmf-dist/tex/latex/graphics/graphics.sty
Package: graphics 2019/11/30 v1.4a Standard LaTeX Graphics (DPC,SPQR)

(/usr/share/texlive/texmf-dist/tex/latex/graphics/trig.sty
Package: trig 2016/01/03 v1.10 sin cos tan (DPC)
)
(/usr/share/texlive/texmf-dist/tex/latex/graphics-cfg/graphics.cfg
File: graphics.cfg 2016/06/04 v1.11 sample graphics configuration
)
Package graphics Info: Driver file: pdftex.def on input line 105.

(/usr/share/texlive/texmf-dist/tex/latex/graphics-def/pdftex.def
File: pdftex.def 2018/01/08 v1.0l Graphics/color driver for pdftex
))
\Gin@req@height=\dimen135
\Gin@req@width=\dimen136
)
(/usr/share/texlive/texmf-dist/tex/latex/epstopdf-pkg/epstopdf.sty
Package: epstopdf 2020-01-24 v2.11 Conversion with epstopdf on the fly (HO)

(/usr/share/texlive/texmf-dist/tex/generic/infwarerr/infwarerr.sty
Package: infwarerr 2019/12/03 v1.5 Providing info/warning/error messages (HO)
)
(/usr/share/texlive/texmf-dist/tex/latex/grfext/grfext.sty
Package: grfext 2019/12/03 v1.3 Manage graphics extensions (HO)

(/usr/share/texlive/texmf-dist/tex/generic/kvdefinekeys/kvdefinekeys.sty
Package: kvdefinekeys 2019-12-19 v1.6 Define keys (HO)
))
(/usr/share/texlive/texmf-dist/tex/latex/kvoptions/kvoptions.sty
Package: kvoptions 2019/11/29 v3.13 Key value format for package options (HO)

(/usr/share/texlive/texmf-dist/tex/generic/ltxcmds/ltxcmds.sty
Package: ltxcmds 2019/12/15 v1.24 LaTeX kernel commands for general use (HO)
)
(/usr/share/texlive/texmf-dist/tex/generic/kvsetkeys/kvsetkeys.sty
Package: kvsetkeys 2019/12/15 v1.18 Key value parser (HO)
))
(/usr/share/texlive/texmf-dist/tex/latex/pdftexcmds/pdftexcmds.sty
Package: pdftexcmds 2019/11/24 v0.31 Utility functions of pdfTeX for LuaTeX (HO
)

(/usr/share/texlive/texmf-dist/tex/generic/iftex/iftex.sty
Package: iftex 2019/11/07 v1.0c TeX engine tests
)
Package pdftexcmds Info: \pdf@primitive is available.
Package pdftexcmds Info: \pdf@ifprimitive is available.
Package pdftexcmds Info: \pdfdraftmode found.
)
(/usr/share/texlive/texmf-dist/tex/latex/epstopdf-pkg/epstopdf-base.sty
Package: epstopdf-base 2020-01-24 v2.11 Base part for package epstopdf
Package epstopdf-base Info: Redefining graphics rule for `.eps' on input line 4
85.
Package grfext Info: Graphics extension search list:
(grfext)             [.pdf,.png,.jpg,.mps,.jpeg,.jbig2,.jb2,.PDF,.PNG,.JPG,.JPE
G,.JBIG2,.JB2,.eps]
(grfext)             \AppendGraphicsExtensions on input line 504.

(/usr/share/texlive/texmf-dist/tex/latex/latexconfig/epstopdf-sys.cfg
File: epstopdf-sys.cfg 2010/07/13 v1.3 Configuration of (r)epstopdf for TeX Liv
e
)))
(/usr/share/texlive/texmf-dist/tex/latex/l3backend/l3backend-pdfmode.def
File: l3backend-pdfmode.def 2020-02-03 L3 backend support: PDF mode
\l__kernel_color_stack_int=\count175
\l__pdf_internal_box=\box45
)
(./report_3.aux)
\openout1 = `report_3.aux'.

LaTeX Font Info:    Checking defaults for OML/cmm/m/it on input line 14.
LaTeX Font Info:    ... okay on input line 14.
LaTeX Font Info:    Checking defaults for OMS/cmsy/m/n on input line 14.
LaTeX Font Info:    ... okay on input line 14.
LaTeX Font Info:    Checking defaults for OT1/cmr/m/n on input line 14.
LaTeX Font Info:    ... okay on input line 14.
LaTeX Font Info:    Checking defaults for T1/cmr/m/n on input line 14.
LaTeX Font Info:    ... okay on input line 14.
LaTeX Font Info:    Checking defaults for TS1/cmr/m/n on input line 14.
LaTeX Font Info:    ... okay on input line 14.
LaTeX Font Info:    Checking defaults for OMX/cmex/m/n on input line 14.
LaTeX Font Info:    ... okay on input line 14.
LaTeX Font Info:    Checking defaults for U/cmr/m/n on input line 14.
LaTeX Font Info:    ... okay on input line 14.

(/usr/share/texlive/texmf-dist/tex/context/base/mkii/supp-pdf.mkii
[Loading MPS to PDF converter (version 2006.09.02).]
\scratchcounter=\count176
\scratchdimen=\dimen137
\scratchbox=\box46
\nofMPsegments=\count177
\nofMParguments=\count178
\everyMPshowfont=\toks15
\MPscratchCnt=\count179
\MPscratchDim=\dimen138
\MPnumerator=\count180
\makeMPintoPDFobject=\count181
\everyMPtoPDFconversion=\toks16
)
LaTeX Font Info:    External font `cmex10' loaded for size
(Font)              <14.4> on input line 17.
LaTeX Font Info:    External font `cmex10' loaded for size
(Font)              <7> on input line 17.
LaTeX Font Info:    External font `cmex10' loaded for size
(Font)              <12> on input line 26.
LaTeX Font Info:    External font `cmex10' loaded for size
(Font)              <8> on input line 26.
LaTeX Font Info:    External font `cmex10' loaded for size
(Font)              <6> on input line 26.
 [1

{/var/lib/texmf/fonts/map/pdftex/updmap/pdftex.map}]
<half_wave_rectifier.png, id=11, 728.7225pt x 496.85625pt>
File: half_wave_rectifier.png Graphic file (type png)
<use half_wave_rectifier.png>
Package pdftex.def Info: half_wave_rectifier.png  used on input line 38.
(pdftex.def)             Requested size: 437.23688pt x 298.11604pt.

Overfull \hbox (47.23688pt too wide) in paragraph at lines 38--39
 [][] 
 []

[2 <./half_wave_rectifier.png>]
<improved_half_wave_rectifier.png, id=19, 702.625pt x 483.8075pt>
File: improved_half_wave_rectifier.png Graphic file (type png)
<use improved_half_wave_rectifier.png>
Package pdftex.def Info: improved_half_wave_rectifier.png  used on input line 4
9.
(pdftex.def)             Requested size: 421.57825pt x 290.28674pt.

Overfull \hbox (31.57825pt too wide) in paragraph at lines 49--50
 [][] 
 []

[3 <./improved_half_wave_rectifier.png>]
<full_wave_rectifier.png, id=24, 1187.43625pt x 608.2725pt>
File: full_wave_rectifier.png Graphic file (type png)
<use full_wave_rectifier.png>
Package pdftex.def Info: full_wave_rectifier.png  used on input line 59.
(pdftex.def)             Requested size: 474.9661pt x 243.30469pt.

Overfull \hbox (84.9661pt too wide) in paragraph at lines 59--60
 [][] 
 []

[4 <./full_wave_rectifier.png>]
Underfull \hbox (badness 10000) in paragraph at lines 68--92

 []

[5]
Underfull \hbox (badness 10000) in paragraph at lines 93--121

 []

[6]

! LaTeX Error: There's no line here to end.

See the LaTeX manual or LaTeX Companion for explanation.
Type  H <return>  for immediate help.
 ...                                              
                                                  
l.122 
      
? 

Underfull \hbox (badness 10000) in paragraph at lines 124--148

 []

[7]
Underfull \hbox (badness 10000) in paragraph at lines 149--177

 []

[8]
Underfull \hbox (badness 10000) in paragraph at lines 180--200

 []

[9]
Underfull \hbox (badness 10000) in paragraph at lines 201--226

 []

[10]
Underfull \hbox (badness 10000) in paragraph at lines 227--249

 []

[11]
Underfull \hbox (badness 10000) in paragraph at lines 250--278

 []

[12]
<half_wave_rect_plot.png, id=54, 1351.449pt x 706.0779pt>
File: half_wave_rect_plot.png Graphic file (type png)
<use half_wave_rect_plot.png>
Package pdftex.def Info: half_wave_rect_plot.png  used on input line 286.
(pdftex.def)             Requested size: 540.57002pt x 282.42615pt.

Overfull \hbox (150.57002pt too wide) in paragraph at lines 286--287
 [][] 
 []

[13 <./half_wave_rect_plot.png>]
<improved_half_wave_rectifier_plot.png, id=60, 1351.449pt x 706.0779pt>
File: improved_half_wave_rectifier_plot.png Graphic file (type png)
<use improved_half_wave_rectifier_plot.png>
Package pdftex.def Info: improved_half_wave_rectifier_plot.png  used on input l
ine 295.
(pdftex.def)             Requested size: 540.57002pt x 282.42615pt.

Overfull \hbox (150.57002pt too wide) in paragraph at lines 295--296
 [][] 
 []

[14 <./improved_half_wave_rectifier_plot.png>]
<full_wave_rectifier_plot.png, id=65, 1351.449pt x 706.0779pt>
File: full_wave_rectifier_plot.png Graphic file (type png)
<use full_wave_rectifier_plot.png>
Package pdftex.def Info: full_wave_rectifier_plot.png  used on input line 303.
(pdftex.def)             Requested size: 540.57002pt x 282.42615pt.

Overfull \hbox (150.57002pt too wide) in paragraph at lines 303--304
 [][] 
 []

[15 <./full_wave_rectifier_plot.png>] [16] (./report_3.aux) ) 
Here is how much of TeX's memory you used:
 1683 strings out of 483183
 26400 string characters out of 5966292
 253676 words of memory out of 5000000
 16697 multiletter control sequences out of 15000+600000
 537506 words of font info for 41 fonts, out of 8000000 for 9000
 14 hyphenation exceptions out of 8191
 30i,7n,27p,477b,218s stack positions out of 5000i,500n,10000p,200000b,80000s
</usr/share/texliv
e/texmf-dist/fonts/type1/public/amsfonts/cm/cmbx12.pfb></usr/share/texlive/texm
f-dist/fonts/type1/public/amsfonts/cm/cmmi12.pfb></usr/share/texlive/texmf-dist
/fonts/type1/public/amsfonts/cm/cmmi8.pfb></usr/share/texlive/texmf-dist/fonts/
type1/public/amsfonts/cm/cmr12.pfb></usr/share/texlive/texmf-dist/fonts/type1/p
ublic/amsfonts/cm/cmr17.pfb></usr/share/texlive/texmf-dist/fonts/type1/public/a
msfonts/cm/cmr8.pfb></usr/share/texlive/texmf-dist/fonts/type1/public/amsfonts/
cm/cmsy10.pfb>
Output written on report_3.pdf (16 pages, 554976 bytes).
PDF statistics:
 97 PDF objects out of 1000 (max. 8388607)
 59 compressed objects within 1 object stream
 0 named destinations out of 1000 (max. 500000)
 31 words of extra memory for PDF output out of 10000 (max. 10000000)

