This is pdfTeX, Version 3.14159265-2.6-1.40.20 (TeX Live 2019/Debian) (preloaded format=pdflatex 2022.1.29)  4 APR 2022 22:18
entering extended mode
 restricted \write18 enabled.
 %&-line parsing enabled.
**report_9.tex
(./report_9.tex
LaTeX2e <2020-02-02> patch level 2
L3 programming layer <2020-02-14>
(/usr/share/texlive/texmf-dist/tex/latex/base/article.cls
Document Class: article 2019/12/20 v1.4l Standard LaTeX document class
(/usr/share/texlive/texmf-dist/tex/latex/base/size12.clo
File: size12.clo 2019/12/20 v1.4l Standard LaTeX file (size option)
)
\c@part=\count167
\c@section=\count168
\c@subsection=\count169
\c@subsubsection=\count170
\c@paragraph=\count171
\c@subparagraph=\count172
\c@figure=\count173
\c@table=\count174
\abovecaptionskip=\skip47
\belowcaptionskip=\skip48
\bibindent=\dimen134
)
(/usr/share/texlive/texmf-dist/tex/latex/graphics/graphicx.sty
Package: graphicx 2019/11/30 v1.2a Enhanced LaTeX Graphics (DPC,SPQR)

(/usr/share/texlive/texmf-dist/tex/latex/graphics/keyval.sty
Package: keyval 2014/10/28 v1.15 key=value parser (DPC)
\KV@toks@=\toks14
)
(/usr/share/texlive/texmf-dist/tex/latex/graphics/graphics.sty
Package: graphics 2019/11/30 v1.4a Standard LaTeX Graphics (DPC,SPQR)

(/usr/share/texlive/texmf-dist/tex/latex/graphics/trig.sty
Package: trig 2016/01/03 v1.10 sin cos tan (DPC)
)
(/usr/share/texlive/texmf-dist/tex/latex/graphics-cfg/graphics.cfg
File: graphics.cfg 2016/06/04 v1.11 sample graphics configuration
)
Package graphics Info: Driver file: pdftex.def on input line 105.

(/usr/share/texlive/texmf-dist/tex/latex/graphics-def/pdftex.def
File: pdftex.def 2018/01/08 v1.0l Graphics/color driver for pdftex
))
\Gin@req@height=\dimen135
\Gin@req@width=\dimen136
)
(/usr/share/texlive/texmf-dist/tex/latex/l3backend/l3backend-pdfmode.def
File: l3backend-pdfmode.def 2020-02-03 L3 backend support: PDF mode
\l__kernel_color_stack_int=\count175
\l__pdf_internal_box=\box45
)
(./report_9.aux)
\openout1 = `report_9.aux'.

LaTeX Font Info:    Checking defaults for OML/cmm/m/it on input line 14.
LaTeX Font Info:    ... okay on input line 14.
LaTeX Font Info:    Checking defaults for OMS/cmsy/m/n on input line 14.
LaTeX Font Info:    ... okay on input line 14.
LaTeX Font Info:    Checking defaults for OT1/cmr/m/n on input line 14.
LaTeX Font Info:    ... okay on input line 14.
LaTeX Font Info:    Checking defaults for T1/cmr/m/n on input line 14.
LaTeX Font Info:    ... okay on input line 14.
LaTeX Font Info:    Checking defaults for TS1/cmr/m/n on input line 14.
LaTeX Font Info:    ... okay on input line 14.
LaTeX Font Info:    Checking defaults for OMX/cmex/m/n on input line 14.
LaTeX Font Info:    ... okay on input line 14.
LaTeX Font Info:    Checking defaults for U/cmr/m/n on input line 14.
LaTeX Font Info:    ... okay on input line 14.

(/usr/share/texlive/texmf-dist/tex/context/base/mkii/supp-pdf.mkii
[Loading MPS to PDF converter (version 2006.09.02).]
\scratchcounter=\count176
\scratchdimen=\dimen137
\scratchbox=\box46
\nofMPsegments=\count177
\nofMParguments=\count178
\everyMPshowfont=\toks15
\MPscratchCnt=\count179
\MPscratchDim=\dimen138
\MPnumerator=\count180
\makeMPintoPDFobject=\count181
\everyMPtoPDFconversion=\toks16
) (/usr/share/texlive/texmf-dist/tex/latex/epstopdf-pkg/epstopdf-base.sty
Package: epstopdf-base 2020-01-24 v2.11 Base part for package epstopdf
Package epstopdf-base Info: Redefining graphics rule for `.eps' on input line 4
85.

(/usr/share/texlive/texmf-dist/tex/latex/latexconfig/epstopdf-sys.cfg
File: epstopdf-sys.cfg 2010/07/13 v1.3 Configuration of (r)epstopdf for TeX Liv
e
))
LaTeX Font Info:    External font `cmex10' loaded for size
(Font)              <14.4> on input line 17.
LaTeX Font Info:    External font `cmex10' loaded for size
(Font)              <7> on input line 17.
LaTeX Font Info:    External font `cmex10' loaded for size
(Font)              <12> on input line 40.
LaTeX Font Info:    External font `cmex10' loaded for size
(Font)              <8> on input line 40.
LaTeX Font Info:    External font `cmex10' loaded for size
(Font)              <6> on input line 40.

[1

{/var/lib/texmf/fonts/map/pdftex/updmap/pdftex.map}]
<table1.png, id=12, 630.355pt x 187.70125pt>
File: table1.png Graphic file (type png)
<use table1.png>
Package pdftex.def Info: table1.png  used on input line 71.
(pdftex.def)             Requested size: 189.10796pt x 56.3108pt.
 [2 <./table1.png>]
<ins_amp_tl084.png, id=21, 1116.17pt x 759.83875pt>
File: ins_amp_tl084.png Graphic file (type png)
<use ins_amp_tl084.png>
Package pdftex.def Info: ins_amp_tl084.png  used on input line 81.
(pdftex.def)             Requested size: 334.85358pt x 227.95337pt.
<table2.png, id=22, 610.28pt x 181.67876pt>
File: table2.png Graphic file (type png)
<use table2.png>
Package pdftex.def Info: table2.png  used on input line 89.
(pdftex.def)             Requested size: 183.0854pt x 54.50404pt.

[3 <./ins_amp_tl084.png> <./table2.png>]
<ins_amp_1na128.png, id=28, 1189.44376pt x 946.53625pt>
File: ins_amp_1na128.png Graphic file (type png)
<use ins_amp_1na128.png>
Package pdftex.def Info: ins_amp_1na128.png  used on input line 98.
(pdftex.def)             Requested size: 356.83588pt x 283.96307pt.
<graph1.png, id=29, 1085.05376pt x 640.3925pt>
File: graph1.png Graphic file (type png)
<use graph1.png>
Package pdftex.def Info: graph1.png  used on input line 111.
(pdftex.def)             Requested size: 434.01381pt x 256.15245pt.

Overfull \hbox (44.01381pt too wide) in paragraph at lines 111--112
 [][] 
 []

[4 <./ins_amp_1na128.png>]
<graph2.png, id=34, 1016.79875pt x 550.055pt>
File: graph2.png Graphic file (type png)
<use graph2.png>
Package pdftex.def Info: graph2.png  used on input line 122.
(pdftex.def)             Requested size: 406.7123pt x 220.0181pt.

Overfull \hbox (16.7123pt too wide) in paragraph at lines 122--123
 [][] 
 []

[5 <./graph1.png>]
<graph3.png, id=39, 1007.765pt x 643.40375pt>
File: graph3.png Graphic file (type png)
<use graph3.png>
Package pdftex.def Info: graph3.png  used on input line 129.
(pdftex.def)             Requested size: 403.09886pt x 257.35693pt.

Overfull \hbox (13.09886pt too wide) in paragraph at lines 129--130
 [][] 
 []

[6 <./graph2.png>] [7 <./graph3.png>] (./report_9.aux) ) 
Here is how much of TeX's memory you used:
 1205 strings out of 483183
 17655 string characters out of 5966292
 244687 words of memory out of 5000000
 16251 multiletter control sequences out of 15000+600000
 537536 words of font info for 41 fonts, out of 8000000 for 9000
 14 hyphenation exceptions out of 8191
 30i,7n,25p,185b,216s stack positions out of 5000i,500n,10000p,200000b,80000s
 </home/bunny/.texlive2
019/texmf-var/fonts/pk/ljfour/jknappen/ec/tcrm1200.600pk></usr/share/texlive/te
xmf-dist/fonts/type1/public/amsfonts/cm/cmbx12.pfb></usr/share/texlive/texmf-di
st/fonts/type1/public/amsfonts/cm/cmmi12.pfb></usr/share/texlive/texmf-dist/fon
ts/type1/public/amsfonts/cm/cmmi8.pfb></usr/share/texlive/texmf-dist/fonts/type
1/public/amsfonts/cm/cmr12.pfb></usr/share/texlive/texmf-dist/fonts/type1/publi
c/amsfonts/cm/cmr17.pfb></usr/share/texlive/texmf-dist/fonts/type1/public/amsfo
nts/cm/cmr8.pfb></usr/share/texlive/texmf-dist/fonts/type1/public/amsfonts/cm/c
msy10.pfb></usr/share/texlive/texmf-dist/fonts/type1/public/amsfonts/cm/cmsy8.p
fb>
Output written on report_9.pdf (7 pages, 395062 bytes).
PDF statistics:
 80 PDF objects out of 1000 (max. 8388607)
 47 compressed objects within 1 object stream
 0 named destinations out of 1000 (max. 500000)
 36 words of extra memory for PDF output out of 10000 (max. 10000000)

