This is pdfTeX, Version 3.14159265-2.6-1.40.20 (TeX Live 2019/Debian) (preloaded format=pdflatex 2022.1.29)  6 FEB 2022 23:57
entering extended mode
 restricted \write18 enabled.
 %&-line parsing enabled.
**report.tex
(./report.tex
LaTeX2e <2020-02-02> patch level 2
L3 programming layer <2020-02-14>
(/usr/share/texlive/texmf-dist/tex/latex/base/article.cls
Document Class: article 2019/12/20 v1.4l Standard LaTeX document class
(/usr/share/texlive/texmf-dist/tex/latex/base/size12.clo
File: size12.clo 2019/12/20 v1.4l Standard LaTeX file (size option)
)
\c@part=\count167
\c@section=\count168
\c@subsection=\count169
\c@subsubsection=\count170
\c@paragraph=\count171
\c@subparagraph=\count172
\c@figure=\count173
\c@table=\count174
\abovecaptionskip=\skip47
\belowcaptionskip=\skip48
\bibindent=\dimen134
)
(/usr/share/texlive/texmf-dist/tex/latex/graphics/graphicx.sty
Package: graphicx 2019/11/30 v1.2a Enhanced LaTeX Graphics (DPC,SPQR)

(/usr/share/texlive/texmf-dist/tex/latex/graphics/keyval.sty
Package: keyval 2014/10/28 v1.15 key=value parser (DPC)
\KV@toks@=\toks14
)
(/usr/share/texlive/texmf-dist/tex/latex/graphics/graphics.sty
Package: graphics 2019/11/30 v1.4a Standard LaTeX Graphics (DPC,SPQR)

(/usr/share/texlive/texmf-dist/tex/latex/graphics/trig.sty
Package: trig 2016/01/03 v1.10 sin cos tan (DPC)
)
(/usr/share/texlive/texmf-dist/tex/latex/graphics-cfg/graphics.cfg
File: graphics.cfg 2016/06/04 v1.11 sample graphics configuration
)
Package graphics Info: Driver file: pdftex.def on input line 105.

(/usr/share/texlive/texmf-dist/tex/latex/graphics-def/pdftex.def
File: pdftex.def 2018/01/08 v1.0l Graphics/color driver for pdftex
))
\Gin@req@height=\dimen135
\Gin@req@width=\dimen136
)
(/usr/share/texlive/texmf-dist/tex/latex/epstopdf-pkg/epstopdf.sty
Package: epstopdf 2020-01-24 v2.11 Conversion with epstopdf on the fly (HO)

(/usr/share/texlive/texmf-dist/tex/generic/infwarerr/infwarerr.sty
Package: infwarerr 2019/12/03 v1.5 Providing info/warning/error messages (HO)
)
(/usr/share/texlive/texmf-dist/tex/latex/grfext/grfext.sty
Package: grfext 2019/12/03 v1.3 Manage graphics extensions (HO)

(/usr/share/texlive/texmf-dist/tex/generic/kvdefinekeys/kvdefinekeys.sty
Package: kvdefinekeys 2019-12-19 v1.6 Define keys (HO)
))
(/usr/share/texlive/texmf-dist/tex/latex/kvoptions/kvoptions.sty
Package: kvoptions 2019/11/29 v3.13 Key value format for package options (HO)

(/usr/share/texlive/texmf-dist/tex/generic/ltxcmds/ltxcmds.sty
Package: ltxcmds 2019/12/15 v1.24 LaTeX kernel commands for general use (HO)
)
(/usr/share/texlive/texmf-dist/tex/generic/kvsetkeys/kvsetkeys.sty
Package: kvsetkeys 2019/12/15 v1.18 Key value parser (HO)
))
(/usr/share/texlive/texmf-dist/tex/latex/pdftexcmds/pdftexcmds.sty
Package: pdftexcmds 2019/11/24 v0.31 Utility functions of pdfTeX for LuaTeX (HO
)

(/usr/share/texlive/texmf-dist/tex/generic/iftex/iftex.sty
Package: iftex 2019/11/07 v1.0c TeX engine tests
)
Package pdftexcmds Info: \pdf@primitive is available.
Package pdftexcmds Info: \pdf@ifprimitive is available.
Package pdftexcmds Info: \pdfdraftmode found.
)
(/usr/share/texlive/texmf-dist/tex/latex/epstopdf-pkg/epstopdf-base.sty
Package: epstopdf-base 2020-01-24 v2.11 Base part for package epstopdf
Package epstopdf-base Info: Redefining graphics rule for `.eps' on input line 4
85.
Package grfext Info: Graphics extension search list:
(grfext)             [.pdf,.png,.jpg,.mps,.jpeg,.jbig2,.jb2,.PDF,.PNG,.JPG,.JPE
G,.JBIG2,.JB2,.eps]
(grfext)             \AppendGraphicsExtensions on input line 504.

(/usr/share/texlive/texmf-dist/tex/latex/latexconfig/epstopdf-sys.cfg
File: epstopdf-sys.cfg 2010/07/13 v1.3 Configuration of (r)epstopdf for TeX Liv
e
)))
(/usr/share/texlive/texmf-dist/tex/latex/l3backend/l3backend-pdfmode.def
File: l3backend-pdfmode.def 2020-02-03 L3 backend support: PDF mode
\l__kernel_color_stack_int=\count175
\l__pdf_internal_box=\box45
)
(./report.aux)
\openout1 = `report.aux'.

LaTeX Font Info:    Checking defaults for OML/cmm/m/it on input line 14.
LaTeX Font Info:    ... okay on input line 14.
LaTeX Font Info:    Checking defaults for OMS/cmsy/m/n on input line 14.
LaTeX Font Info:    ... okay on input line 14.
LaTeX Font Info:    Checking defaults for OT1/cmr/m/n on input line 14.
LaTeX Font Info:    ... okay on input line 14.
LaTeX Font Info:    Checking defaults for T1/cmr/m/n on input line 14.
LaTeX Font Info:    ... okay on input line 14.
LaTeX Font Info:    Checking defaults for TS1/cmr/m/n on input line 14.
LaTeX Font Info:    ... okay on input line 14.
LaTeX Font Info:    Checking defaults for OMX/cmex/m/n on input line 14.
LaTeX Font Info:    ... okay on input line 14.
LaTeX Font Info:    Checking defaults for U/cmr/m/n on input line 14.
LaTeX Font Info:    ... okay on input line 14.

(/usr/share/texlive/texmf-dist/tex/context/base/mkii/supp-pdf.mkii
[Loading MPS to PDF converter (version 2006.09.02).]
\scratchcounter=\count176
\scratchdimen=\dimen137
\scratchbox=\box46
\nofMPsegments=\count177
\nofMParguments=\count178
\everyMPshowfont=\toks15
\MPscratchCnt=\count179
\MPscratchDim=\dimen138
\MPnumerator=\count180
\makeMPintoPDFobject=\count181
\everyMPtoPDFconversion=\toks16
)
LaTeX Font Info:    External font `cmex10' loaded for size
(Font)              <14.4> on input line 17.
LaTeX Font Info:    External font `cmex10' loaded for size
(Font)              <7> on input line 17.
LaTeX Font Info:    External font `cmex10' loaded for size
(Font)              <12> on input line 26.
LaTeX Font Info:    External font `cmex10' loaded for size
(Font)              <8> on input line 26.
LaTeX Font Info:    External font `cmex10' loaded for size
(Font)              <6> on input line 26.
 [1

{/var/lib/texmf/fonts/map/pdftex/updmap/pdftex.map}]
<schmitt_trigger.png, id=11, 643.40375pt x 459.7175pt>
File: schmitt_trigger.png Graphic file (type png)
<use schmitt_trigger.png>
Package pdftex.def Info: schmitt_trigger.png  used on input line 38.
(pdftex.def)             Requested size: 386.04523pt x 275.83263pt.
 [2 <./schmitt_trigger.png>]
Underfull \hbox (badness 10000) in paragraph at lines 44--46

 []

<astable_multi.png, id=20, 625.33624pt x 457.71pt>
File: astable_multi.png Graphic file (type png)
<use astable_multi.png>
Package pdftex.def Info: astable_multi.png  used on input line 49.
(pdftex.def)             Requested size: 375.20464pt x 274.62813pt.
[3 <./astable_multi.png>]
<mono_multivib.png, id=25, 745.78625pt x 592.2125pt>
File: mono_multivib.png Graphic file (type png)
<use mono_multivib.png>
Package pdftex.def Info: mono_multivib.png  used on input line 57.
(pdftex.def)             Requested size: 298.30922pt x 236.8808pt.
 [4 <./mono_multivib.png>]
Underfull \hbox (badness 10000) in paragraph at lines 66--101

 []

[5] [6]
Underfull \hbox (badness 10000) in paragraph at lines 102--125

 []

[7]
Underfull \hbox (badness 10000) in paragraph at lines 129--159

 []

[8]
Underfull \hbox (badness 10000) in paragraph at lines 160--179

 []

[9]
Underfull \hbox (badness 10000) in paragraph at lines 180--216

 []

[10]
! Missing $ inserted.
<inserted text> 
                $
l.230 x2 6 7 ZENER_
                   12\\
? 
! Missing $ inserted.
<inserted text> 
                $
l.240 \newpage
              
? 

Underfull \hbox (badness 10000) in paragraph at lines 217--240

 []

[11]
Underfull \hbox (badness 10000) in paragraph at lines 244--273

 []

[12]
Underfull \hbox (badness 10000) in paragraph at lines 274--292

 []

[13]
! Missing $ inserted.
<inserted text> 
                $
l.294 x2 2 6 button_
                    sw\\
? 
! Missing $ inserted.
<inserted text> 
                $
l.313 \newpage
              
? 

Underfull \hbox (badness 10000) in paragraph at lines 293--313

 []

[14]
<q1_gnd_sin.png, id=62, 1879.02pt x 1058.95625pt>
File: q1_gnd_sin.png Graphic file (type png)
<use q1_gnd_sin.png>
Package pdftex.def Info: q1_gnd_sin.png  used on input line 322.
(pdftex.def)             Requested size: 375.79735pt x 211.78749pt.
 [15 <./q1_gnd_sin.png>]
<q1_gnd_dc.png, id=67, 1879.02pt x 1058.95625pt>
File: q1_gnd_dc.png Graphic file (type png)
<use q1_gnd_dc.png>
Package pdftex.def Info: q1_gnd_dc.png  used on input line 327.
(pdftex.def)             Requested size: 375.79735pt x 211.78749pt.
 [16 <./q1_gnd_dc.png>]
<q1_3_sin.png, id=72, 1879.02pt x 1058.95625pt>
File: q1_3_sin.png Graphic file (type png)
<use q1_3_sin.png>
Package pdftex.def Info: q1_3_sin.png  used on input line 335.
(pdftex.def)             Requested size: 375.79735pt x 211.78749pt.
 [17 <./q1_3_sin.png>]
<q1_3_dc.png, id=77, 1879.02pt x 1058.95625pt>
File: q1_3_dc.png Graphic file (type png)
<use q1_3_dc.png>
Package pdftex.def Info: q1_3_dc.png  used on input line 340.
(pdftex.def)             Requested size: 375.79735pt x 211.78749pt.

[18 <./q1_3_dc.png>]
<q1_-3_sin.png, id=82, 1879.02pt x 1058.95625pt>
File: q1_-3_sin.png Graphic file (type png)
<use q1_-3_sin.png>
Package pdftex.def Info: q1_-3_sin.png  used on input line 348.
(pdftex.def)             Requested size: 375.79735pt x 211.78749pt.
 [19 <./q1_-3_sin.png>]
<q1_-3_dc.png, id=88, 1879.02pt x 1058.95625pt>
File: q1_-3_dc.png Graphic file (type png)
<use q1_-3_dc.png>
Package pdftex.def Info: q1_-3_dc.png  used on input line 353.
(pdftex.def)             Requested size: 375.79735pt x 211.78749pt.
 [20 <./q1_-3_dc.png>]
<q2_nrd.png, id=93, 1879.02pt x 1058.95625pt>
File: q2_nrd.png Graphic file (type png)
<use q2_nrd.png>
Package pdftex.def Info: q2_nrd.png  used on input line 363.
(pdftex.def)             Requested size: 375.79735pt x 211.78749pt.
 [21 <./q2_nrd.png>]
<q2_rd.png, id=98, 1879.02pt x 1058.95625pt>
File: q2_rd.png Graphic file (type png)
<use q2_rd.png>
Package pdftex.def Info: q2_rd.png  used on input line 370.
(pdftex.def)             Requested size: 375.79735pt x 211.78749pt.
 [22 <./q2_rd.png>]
<q3.png, id=103, 1879.02pt x 1058.95625pt>
File: q3.png Graphic file (type png)
<use q3.png>
Package pdftex.def Info: q3.png  used on input line 378.
(pdftex.def)             Requested size: 375.79735pt x 211.78749pt.
 [23 <./q3.png>] [24] (./report.aux) ) 
Here is how much of TeX's memory you used:
 1719 strings out of 483183
 26416 string characters out of 5966292
 253672 words of memory out of 5000000
 16727 multiletter control sequences out of 15000+600000
 537506 words of font info for 41 fonts, out of 8000000 for 9000
 14 hyphenation exceptions out of 8191
 30i,7n,27p,651b,218s stack positions out of 5000i,500n,10000p,200000b,80000s
</usr/share/texlive/texmf-dist/fonts/type
1/public/amsfonts/cm/cmbx12.pfb></usr/share/texlive/texmf-dist/fonts/type1/publ
ic/amsfonts/cm/cmmi12.pfb></usr/share/texlive/texmf-dist/fonts/type1/public/ams
fonts/cm/cmmi8.pfb></usr/share/texlive/texmf-dist/fonts/type1/public/amsfonts/c
m/cmr12.pfb></usr/share/texlive/texmf-dist/fonts/type1/public/amsfonts/cm/cmr17
.pfb></usr/share/texlive/texmf-dist/fonts/type1/public/amsfonts/cm/cmr8.pfb></u
sr/share/texlive/texmf-dist/fonts/type1/public/amsfonts/cm/cmsy10.pfb></usr/sha
re/texlive/texmf-dist/fonts/type1/public/amsfonts/cm/cmsy8.pfb>
Output written on report.pdf (24 pages, 511482 bytes).
PDF statistics:
 138 PDF objects out of 1000 (max. 8388607)
 79 compressed objects within 1 object stream
 0 named destinations out of 1000 (max. 500000)
 61 words of extra memory for PDF output out of 10000 (max. 10000000)

